MuseumForNationalities/proguard/seeds.txt
com.ducer.museumfornationalities.AboutActivity
com.ducer.museumfornationalities.AboutActivity: AboutActivity()
com.ducer.museumfornationalities.ImageActivity
com.ducer.museumfornationalities.ImageActivity: ImageActivity()
com.ducer.museumfornationalities.MainActivity
com.ducer.museumfornationalities.MainActivity: MainActivity()
com.ducer.museumfornationalities.MenuActivity
com.ducer.museumfornationalities.MenuActivity: MenuActivity()
com.ducer.museumfornationalities.SuggestActivity
com.ducer.museumfornationalities.SuggestActivity: SuggestActivity()
com.ducer.museumfornationalities.TalkActivity
com.ducer.museumfornationalities.TalkActivity: TalkActivity()
com.ducer.museumfornationalities.VideoActivity
com.ducer.museumfornationalities.VideoActivity: VideoActivity()
...
com.google.zxing.ResultMetadataType
com.google.zxing.ResultMetadataType: com.google.zxing.ResultMetadataType OTHER
com.google.zxing.ResultMetadataType: com.google.zxing.ResultMetadataType ORIENTATION
com.google.zxing.ResultMetadataType: com.google.zxing.ResultMetadataType BYTE_SEGMENTS
com.google.zxing.ResultMetadataType: com.google.zxing.ResultMetadataType ERROR_CORRECTION_LEVEL
com.google.zxing.ResultMetadataType: com.google.zxing.ResultMetadataType ISSUE_NUMBER
com.google.zxing.ResultMetadataType: com.google.zxing.ResultMetadataType SUGGESTED_PRICE
com.google.zxing.ResultMetadataType: com.google.zxing.ResultMetadataType POSSIBLE_COUNTRY
com.google.zxing.ResultMetadataType: com.google.zxing.ResultMetadataType UPC_EAN_EXTENSION
com.google.zxing.ResultMetadataType: com.google.zxing.ResultMetadataType[] ENUM$VALUES
com.google.zxing.ResultMetadataType: void <clinit>()
com.google.zxing.ResultMetadataType: ResultMetadataType(java.lang.String,int)
com.google.zxing.ResultMetadataType: com.google.zxing.ResultMetadataType[] values()
com.google.zxing.ResultMetadataType: com.google.zxing.ResultMetadataType valueOf(java.lang.String)
com.google.zxing.ResultPoint
com.google.zxing.ResultPoint: float x
com.google.zxing.ResultPoint: float y
com.google.zxing.ResultPoint: ResultPoint(float,float)
com.google.zxing.ResultPoint: float getX()
com.google.zxing.ResultPoint: float getY()
com.google.zxing.ResultPoint: boolean equals(java.lang.Object)
com.google.zxing.ResultPoint: int hashCode()
com.google.zxing.ResultPoint: java.lang.String toString()
com.google.zxing.ResultPoint: void orderBestPatterns(com.google.zxing.ResultPoint[])
com.google.zxing.ResultPoint: float distance(com.google.zxing.ResultPoint,com.google.zxing.ResultPoint)
com.google.zxing.ResultPoint: float crossProductZ(com.google.zxing.ResultPoint,com.google.zxing.ResultPoint,com.google.zxing.ResultPoint)
com.google.zxing.ResultPointCallback
com.google.zxing.ResultPointCallback: void foundPossibleResultPoint(com.google.zxing.ResultPoint)
com.google.zxing.Writer
com.google.zxing.Writer: com.google.zxing.common.BitMatrix encode(java.lang.String,com.google.zxing.BarcodeFormat,int,int)
com.google.zxing.Writer: com.google.zxing.common.BitMatrix encode(java.lang.String,com.google.zxing.BarcodeFormat,int,int,java.util.Map)
com.google.zxing.WriterException
com.google.zxing.WriterException: WriterException()
com.google.zxing.WriterException: WriterException(java.lang.String)
com.google.zxing.WriterException: WriterException(java.lang.Throwable)
com.google.zxing.aztec.AztecDetectorResult
com.google.zxing.aztec.AztecDetectorResult: boolean compact
com.google.zxing.aztec.AztecDetectorResult: int nbDatablocks
com.google.zxing.aztec.AztecDetectorResult: int nbLayers
com.google.zxing.aztec.AztecDetectorResult: AztecDetectorResult(com.google.zxing.common.BitMatrix,com.google.zxing.ResultPoint[],boolean,int,int)
com.google.zxing.aztec.AztecDetectorResult: int getNbLayers()
com.google.zxing.aztec.AztecDetectorResult: int getNbDatablocks()
com.google.zxing.aztec.AztecDetectorResult: boolean isCompact()
com.google.zxing.aztec.AztecReader
com.google.zxing.aztec.AztecReader: AztecReader()
com.google.zxing.aztec.AztecReader: com.google.zxing.Result decode(com.google.zxing.BinaryBitmap)
com.google.zxing.aztec.AztecReader: com.google.zxing.Result decode(com.google.zxing.BinaryBitmap,java.util.Map)
com.google.zxing.aztec.AztecReader: void reset()