MuseumForNationalities/proguard/mapping.txt
com.ducer.museumfornationalities.AboutActivity -> com.ducer.museumfornationalities.AboutActivity:
    void onCreate(android.os.Bundle) -> onCreate
    void onPause() -> onPause
com.ducer.museumfornationalities.ImageActivity -> com.ducer.museumfornationalities.ImageActivity:
    android.widget.Gallery gallery -> f
    com.ducer.tools.MyApplication myApplication -> g
    java.lang.String[] urls -> a
    java.lang.String[] descriptions -> b
    java.lang.String imageTable -> h
    android.widget.RelativeLayout media_controller_button_wrapper -> i
    android.widget.RelativeLayout add_bg -> j
    android.widget.ImageView add_icon -> k
    boolean areButtonsShowing -> c
    android.widget.TextView tv_content -> l
    java.lang.String audio_urlStr -> m
    java.lang.String image_urlStr -> n
    android.media.MediaPlayer mediaPlayer -> o
    boolean played -> d
    int playPosition -> e
    android.widget.ImageButton image_talk -> p
    android.widget.ImageButton image_home -> q
    android.widget.RelativeLayout media_controller -> r
    android.widget.TextView image_title -> s
    void onCreate(android.os.Bundle) -> onCreate
    void setTitle() -> a
    void onBackPressed() -> onBackPressed
    void setListener() -> b
    void getImage() -> c
    void onPause() -> onPause
    void setMediaPlayer() -> d
    void setScaleAndListener() -> e
    void play(int) -> a
    void getMyApplication() -> f
    void findView() -> g
    void getAudio() -> h
    boolean onTouch(android.view.View,android.view.MotionEvent) -> onTouch
    java.lang.String access$0(com.ducer.museumfornationalities.ImageActivity) -> a
com.ducer.museumfornationalities.ImageActivity$1 -> com.ducer.museumfornationalities.a:
    com.ducer.museumfornationalities.ImageActivity this$0 -> a
    void onItemSelected(android.widget.AdapterView,android.view.View,int,long) -> onItemSelected
    void onNothingSelected(android.widget.AdapterView) -> onNothingSelected
com.ducer.museumfornationalities.ImageActivity$2 -> com.ducer.museumfornationalities.b:
    com.ducer.museumfornationalities.ImageActivity this$0 -> a
    void onItemClick(android.widget.AdapterView,android.view.View,int,long) -> onItemClick
com.ducer.museumfornationalities.ImageActivity$3 -> com.ducer.museumfornationalities.c:
    com.ducer.museumfornationalities.ImageActivity this$0 -> a
    void onClick(android.view.View) -> onClick
com.ducer.museumfornationalities.ImageActivity$4 -> com.ducer.museumfornationalities.d:
    com.ducer.museumfornationalities.ImageActivity this$0 -> a
    void onClick(android.view.View) -> onClick
com.ducer.museumfornationalities.ImageActivity$5 -> com.ducer.museumfornationalities.e:
    com.ducer.museumfornationalities.ImageActivity this$0 -> a
    void onClick(android.view.View) -> onClick
com.ducer.museumfornationalities.ImageActivity$6 -> com.ducer.museumfornationalities.f:
    com.ducer.museumfornationalities.ImageActivity this$0 -> a
    android.widget.ImageView val$smallIcon -> b
    int val$position -> c
    void onClick(android.view.View) -> onClick
com.ducer.museumfornationalities.ImageActivity$7 -> com.ducer.museumfornationalities.g:
    com.ducer.museumfornationalities.ImageActivity this$0 -> a
    void onPrepared(android.media.MediaPlayer) -> onPrepared
com.ducer.museumfornationalities.ImageActivity$ImageAdapter -> com.ducer.museumfornationalities.h:
    android.content.Context mContext -> b
    java.lang.String[] URLS -> c
    com.ducer.tools.ImageLoader mImageLoader -> d
    com.ducer.museumfornationalities.ImageActivity this$0 -> a
    int getCount() -> getCount
    java.lang.Object getItem(int) -> getItem
    long getItemId(int) -> getItemId
    android.view.View getView(int,android.view.View,android.view.ViewGroup) -> getView
...
com.google.zxing.client.result.SMSParsedResult -> com.google.zxing.client.result.SMSParsedResult:
    java.lang.String[] numbers -> numbers
    java.lang.String[] vias -> vias
    java.lang.String subject -> subject
    java.lang.String body -> body
    java.lang.String getSMSURI() -> getSMSURI
    java.lang.String[] getNumbers() -> getNumbers
    java.lang.String[] getVias() -> getVias
    java.lang.String getSubject() -> getSubject
    java.lang.String getBody() -> getBody
    java.lang.String getDisplayResult() -> getDisplayResult
com.google.zxing.client.result.SMSTOMMSTOResultParser -> com.google.zxing.client.result.SMSTOMMSTOResultParser:
    com.google.zxing.client.result.SMSParsedResult parse(com.google.zxing.Result) -> parse
    com.google.zxing.client.result.ParsedResult parse(com.google.zxing.Result) -> parse
com.google.zxing.client.result.SMTPResultParser -> com.google.zxing.client.result.SMTPResultParser:
    com.google.zxing.client.result.EmailAddressParsedResult parse(com.google.zxing.Result) -> parse
    com.google.zxing.client.result.ParsedResult parse(com.google.zxing.Result) -> parse
com.google.zxing.client.result.TelParsedResult -> com.google.zxing.client.result.TelParsedResult:
    java.lang.String number -> number
    java.lang.String telURI -> telURI
    java.lang.String title -> title
    java.lang.String getNumber() -> getNumber
    java.lang.String getTelURI() -> getTelURI
    java.lang.String getTitle() -> getTitle
    java.lang.String getDisplayResult() -> getDisplayResult
com.google.zxing.client.result.TelResultParser -> com.google.zxing.client.result.TelResultParser:
    com.google.zxing.client.result.TelParsedResult parse(com.google.zxing.Result) -> parse
    com.google.zxing.client.result.ParsedResult parse(com.google.zxing.Result) -> parse
com.google.zxing.client.result.TextParsedResult -> com.google.zxing.client.result.TextParsedResult:
    java.lang.String text -> text
    java.lang.String language -> language
    java.lang.String getText() -> getText
    java.lang.String getLanguage() -> getLanguage
    java.lang.String getDisplayResult() -> getDisplayResult
com.google.zxing.client.result.URIParsedResult -> com.google.zxing.client.result.URIParsedResult:
    java.util.regex.Pattern USER_IN_HOST -> USER_IN_HOST
    java.lang.String uri -> uri
    java.lang.String title -> title
    java.lang.String getURI() -> getURI
    java.lang.String getTitle() -> getTitle
    boolean isPossiblyMaliciousURI() -> isPossiblyMaliciousURI
    java.lang.String getDisplayResult() -> getDisplayResult
    java.lang.String massageURI(java.lang.String) -> massageURI
    boolean isColonFollowedByPortNumber(java.lang.String,int) -> isColonFollowedByPortNumber
com.google.zxing.client.result.URIResultParser -> com.google.zxing.client.result.URIResultParser:
    java.lang.String ALPHANUM_PART -> ALPHANUM_PART
    java.util.regex.Pattern URL_WITH_PROTOCOL_PATTERN -> URL_WITH_PROTOCOL_PATTERN
    java.util.regex.Pattern URL_WITHOUT_PROTOCOL_PATTERN -> URL_WITHOUT_PROTOCOL_PATTERN
    com.google.zxing.client.result.URIParsedResult parse(com.google.zxing.Result) -> parse
    boolean isBasicallyValidURI(java.lang.CharSequence) -> isBasicallyValidURI
    com.google.zxing.client.result.ParsedResult parse(com.google.zxing.Result) -> parse
com.google.zxing.client.result.URLTOResultParser -> com.google.zxing.client.result.URLTOResultParser:
    com.google.zxing.client.result.URIParsedResult parse(com.google.zxing.Result) -> parse
    com.google.zxing.client.result.ParsedResult parse(com.google.zxing.Result) -> parse